[03:01:03] [Server thread/INFO]: Starting minecraft server version 1.12.2
[03:01:03] [Server thread/WARN]: To start the server with more ram, launch it as "java -Xmx1024M -Xms1024M -jar minecraft_server.jar"
[03:01:03] [Server thread/INFO]: Loading properties
[03:01:03] [Server console handler/ERROR]: Exception handling console input
java.io.IOException: The handle is invalid
	at java.io.FileInputStream.readBytes(Native Method) ~[?:1.8.0_181]
	at java.io.FileInputStream.read(FileInputStream.java:255) ~[?:1.8.0_181]
	at java.io.BufferedInputStream.fill(BufferedInputStream.java:246) ~[?:1.8.0_181]
	at java.io.BufferedInputStream.read(BufferedInputStream.java:265) ~[?:1.8.0_181]
	at org.bukkit.craftbukkit.libs.jline.internal.NonBlockingInputStream.read(NonBlockingInputStream.java:248) ~[spigot-1.12.2.jar:git-Spigot-3d850ec-809c399]
	at org.bukkit.craftbukkit.libs.jline.internal.InputStreamReader.read(InputStreamReader.java:261) ~[spigot-1.12.2.jar:git-Spigot-3d850ec-809c399]
	at org.bukkit.craftbukkit.libs.jline.internal.InputStreamReader.read(InputStreamReader.java:198) ~[spigot-1.12.2.jar:git-Spigot-3d850ec-809c399]
	at org.bukkit.craftbukkit.libs.jline.console.ConsoleReader.readCharacter(ConsoleReader.java:2145) ~[spigot-1.12.2.jar:git-Spigot-3d850ec-809c399]
	at org.bukkit.craftbukkit.libs.jline.console.ConsoleReader.readLineSimple(ConsoleReader.java:3183) ~[spigot-1.12.2.jar:git-Spigot-3d850ec-809c399]
	at org.bukkit.craftbukkit.libs.jline.console.ConsoleReader.readLine(ConsoleReader.java:2333) ~[spigot-1.12.2.jar:git-Spigot-3d850ec-809c399]
	at org.bukkit.craftbukkit.libs.jline.console.ConsoleReader.readLine(ConsoleReader.java:2269) ~[spigot-1.12.2.jar:git-Spigot-3d850ec-809c399]
	at org.bukkit.craftbukkit.libs.jline.console.ConsoleReader.readLine(ConsoleReader.java:2257) ~[spigot-1.12.2.jar:git-Spigot-3d850ec-809c399]
	at net.minecraft.server.v1_12_R1.DedicatedServer$2.run(DedicatedServer.java:87) [spigot-1.12.2.jar:git-Spigot-3d850ec-809c399]
[03:01:03] [Server thread/INFO]: Default game type: SURVIVAL
[03:01:03] [Server thread/INFO]: This server is running CraftBukkit version git-Spigot-3d850ec-809c399 (MC: 1.12.2) (Implementing API version 1.12.2-R0.1-SNAPSHOT)
[03:01:03] [Server thread/INFO]: Debug logging is disabled
[03:01:03] [Server thread/INFO]: Server Ping Player Sample Count: 12
[03:01:03] [Server thread/INFO]: Using 4 threads for Netty based IO
[03:01:03] [Server thread/INFO]: Generating keypair
[03:01:03] [Server thread/INFO]: Starting Minecraft server on *:25565
[03:01:03] [Server thread/INFO]: Using default channel type
[03:01:04] [Server thread/INFO]: **** Beginning UUID conversion, this may take A LONG time ****
[03:01:04] [Server thread/INFO]: Preparing level "world"
[03:01:04] [Server thread/INFO]: -------- World Settings For [world] --------
[03:01:04] [Server thread/INFO]: View Distance: 10
[03:01:04] [Server thread/INFO]: Nerfing mobs spawned from spawners: false
[03:01:04] [Server thread/INFO]: Item Merge Radius: 2.5
[03:01:04] [Server thread/INFO]: Item Despawn Rate: 6000
[03:01:04] [Server thread/INFO]: Arrow Despawn Rate: 1200
[03:01:04] [Server thread/INFO]: Zombie Aggressive Towards Villager: true
[03:01:04] [Server thread/INFO]: Allow Zombie Pigmen to spawn from portal blocks: true
[03:01:04] [Server thread/INFO]: Experience Merge Radius: 3.0
[03:01:04] [Server thread/INFO]: Hopper Transfer: 8 Hopper Check: 1 Hopper Amount: 1
[03:01:04] [Server thread/INFO]: Custom Map Seeds:  Village: 10387312 Feature: 14357617 Monument: 10387313 Slime: 987234911
[03:01:04] [Server thread/INFO]: Entity Activation Range: An 32 / Mo 32 / Mi 16
[03:01:04] [Server thread/INFO]: Cactus Growth Modifier: 100%
[03:01:04] [Server thread/INFO]: Cane Growth Modifier: 100%
[03:01:04] [Server thread/INFO]: Melon Growth Modifier: 100%
[03:01:04] [Server thread/INFO]: Mushroom Growth Modifier: 100%
[03:01:04] [Server thread/INFO]: Pumpkin Growth Modifier: 100%
[03:01:04] [Server thread/INFO]: Sapling Growth Modifier: 100%
[03:01:04] [Server thread/INFO]: Wheat Growth Modifier: 100%
[03:01:04] [Server thread/INFO]: NetherWart Growth Modifier: 100%
[03:01:04] [Server thread/INFO]: Vine Growth Modifier: 100%
[03:01:04] [Server thread/INFO]: Cocoa Growth Modifier: 100%
[03:01:04] [Server thread/INFO]: Entity Tracking Range: Pl 48 / An 48 / Mo 48 / Mi 32 / Other 64
[03:01:04] [Server thread/INFO]: Mob Spawn Range: 4
[03:01:04] [Server thread/INFO]: Structure Info Saving: true
[03:01:04] [Server thread/INFO]: Random Lighting Updates: false
[03:01:04] [Server thread/INFO]: Max TNT Explosions: 100
[03:01:04] [Server thread/INFO]: Tile Max Tick Time: 50ms Entity max Tick Time: 50ms
[03:01:05] [Server thread/INFO]: -------- World Settings For [world_nether] --------
[03:01:05] [Server thread/INFO]: View Distance: 10
[03:01:05] [Server thread/INFO]: Nerfing mobs spawned from spawners: false
[03:01:05] [Server thread/INFO]: Item Merge Radius: 2.5
[03:01:05] [Server thread/INFO]: Item Despawn Rate: 6000
[03:01:05] [Server thread/INFO]: Arrow Despawn Rate: 1200
[03:01:05] [Server thread/INFO]: Zombie Aggressive Towards Villager: true
[03:01:05] [Server thread/INFO]: Allow Zombie Pigmen to spawn from portal blocks: true
[03:01:05] [Server thread/INFO]: Experience Merge Radius: 3.0
[03:01:05] [Server thread/INFO]: Hopper Transfer: 8 Hopper Check: 1 Hopper Amount: 1
[03:01:05] [Server thread/INFO]: Custom Map Seeds:  Village: 10387312 Feature: 14357617 Monument: 10387313 Slime: 987234911
[03:01:05] [Server thread/INFO]: Entity Activation Range: An 32 / Mo 32 / Mi 16
[03:01:05] [Server thread/INFO]: Cactus Growth Modifier: 100%
[03:01:05] [Server thread/INFO]: Cane Growth Modifier: 100%
[03:01:05] [Server thread/INFO]: Melon Growth Modifier: 100%
[03:01:05] [Server thread/INFO]: Mushroom Growth Modifier: 100%
[03:01:05] [Server thread/INFO]: Pumpkin Growth Modifier: 100%
[03:01:05] [Server thread/INFO]: Sapling Growth Modifier: 100%
[03:01:05] [Server thread/INFO]: Wheat Growth Modifier: 100%
[03:01:05] [Server thread/INFO]: NetherWart Growth Modifier: 100%
[03:01:05] [Server thread/INFO]: Vine Growth Modifier: 100%
[03:01:05] [Server thread/INFO]: Cocoa Growth Modifier: 100%
[03:01:05] [Server thread/INFO]: Entity Tracking Range: Pl 48 / An 48 / Mo 48 / Mi 32 / Other 64
[03:01:05] [Server thread/INFO]: Mob Spawn Range: 4
[03:01:05] [Server thread/INFO]: Structure Info Saving: true
[03:01:05] [Server thread/INFO]: Random Lighting Updates: false
[03:01:05] [Server thread/INFO]: Max TNT Explosions: 100
[03:01:05] [Server thread/INFO]: Tile Max Tick Time: 50ms Entity max Tick Time: 50ms
[03:01:05] [Server thread/INFO]: -------- World Settings For [world_the_end] --------
[03:01:05] [Server thread/INFO]: View Distance: 10
[03:01:05] [Server thread/INFO]: Nerfing mobs spawned from spawners: false
[03:01:05] [Server thread/INFO]: Item Merge Radius: 2.5
[03:01:05] [Server thread/INFO]: Item Despawn Rate: 6000
[03:01:05] [Server thread/INFO]: Arrow Despawn Rate: 1200
[03:01:05] [Server thread/INFO]: Zombie Aggressive Towards Villager: true
[03:01:05] [Server thread/INFO]: Allow Zombie Pigmen to spawn from portal blocks: true
[03:01:05] [Server thread/INFO]: Experience Merge Radius: 3.0
[03:01:05] [Server thread/INFO]: Hopper Transfer: 8 Hopper Check: 1 Hopper Amount: 1
[03:01:05] [Server thread/INFO]: Custom Map Seeds:  Village: 10387312 Feature: 14357617 Monument: 10387313 Slime: 987234911
[03:01:05] [Server thread/INFO]: Entity Activation Range: An 32 / Mo 32 / Mi 16
[03:01:05] [Server thread/INFO]: Cactus Growth Modifier: 100%
[03:01:05] [Server thread/INFO]: Cane Growth Modifier: 100%
[03:01:05] [Server thread/INFO]: Melon Growth Modifier: 100%
[03:01:05] [Server thread/INFO]: Mushroom Growth Modifier: 100%
[03:01:05] [Server thread/INFO]: Pumpkin Growth Modifier: 100%
[03:01:05] [Server thread/INFO]: Sapling Growth Modifier: 100%
[03:01:05] [Server thread/INFO]: Wheat Growth Modifier: 100%
[03:01:05] [Server thread/INFO]: NetherWart Growth Modifier: 100%
[03:01:05] [Server thread/INFO]: Vine Growth Modifier: 100%
[03:01:05] [Server thread/INFO]: Cocoa Growth Modifier: 100%
[03:01:05] [Server thread/INFO]: Entity Tracking Range: Pl 48 / An 48 / Mo 48 / Mi 32 / Other 64
[03:01:05] [Server thread/INFO]: Mob Spawn Range: 4
[03:01:05] [Server thread/INFO]: Structure Info Saving: true
[03:01:05] [Server thread/INFO]: Random Lighting Updates: false
[03:01:05] [Server thread/INFO]: Max TNT Explosions: 100
[03:01:05] [Server thread/INFO]: Tile Max Tick Time: 50ms Entity max Tick Time: 50ms
[03:01:06] [Server thread/INFO]: Preparing start region for level 0 (Seed: 6841553074063632704)
[03:01:07] [Server thread/INFO]: Preparing spawn area: 6%
[03:01:08] [Server thread/INFO]: Preparing spawn area: 10%
[03:01:09] [Server thread/INFO]: Preparing spawn area: 15%
[03:01:10] [Server thread/INFO]: Preparing spawn area: 19%
[03:01:11] [Server thread/INFO]: Preparing spawn area: 22%
[03:01:12] [Server thread/INFO]: Preparing spawn area: 27%
[03:01:13] [Server thread/INFO]: Preparing spawn area: 31%
[03:01:14] [Server thread/INFO]: Preparing spawn area: 34%
[03:01:15] [Server thread/INFO]: Preparing spawn area: 37%
[03:01:16] [Server thread/INFO]: Preparing spawn area: 40%
[03:01:17] [Server thread/INFO]: Preparing spawn area: 44%
[03:01:18] [Server thread/INFO]: Preparing spawn area: 45%
[03:01:21] [Server thread/INFO]: Starting minecraft server version 1.12.2
[03:01:21] [Server thread/WARN]: To start the[03:01:21] [Server thread/INFO]: Preparing spawn area: 51%
[03:01:22] [Server thread/INFO]: Preparing spawn area: 53%
[03:01:23] [Server thread/INFO]: Preparing spawn area: 56%
[03:01:24] [Server thread/INFO]: Preparing spawn area: 57%
[03:01:25] [Server thread/INFO]: Preparing spawn area: 60%
[03:01:26] [Server thread/INFO]: Preparing spawn area: 63%
[03:01:27] [Server thread/INFO]: Preparing spawn area: 67%
[03:01:29] [Server thread/INFO]: Preparing spawn area: 70%
[03:01:30] [Server thread/INFO]: Preparing spawn area: 74%
[03:01:31] [Server thread/INFO]: Preparing spawn area: 78%
[03:01:32] [Server thread/INFO]: Preparing spawn area: 82%
[03:01:33] [Server thread/INFO]: Preparing spawn area: 87%
[03:01:34] [Server thread/INFO]: Preparing spawn area: 92%
[03:01:35] [Server thread/INFO]: Preparing spawn area: 96%
[03:01:35] [Server thread/INFO]: Preparing start region for level 1 (Seed: 6841553074063632704)
[03:01:36] [Server thread/INFO]: Preparing spawn area: 7%
[03:01:37] [Server thread/INFO]: Preparing spawn area: 14%
[03:01:38] [Server thread/INFO]: Preparing spawn area: 21%
[03:01:39] [Server thread/INFO]: Preparing spawn area: 25%
[03:01:40] [Server thread/INFO]: Preparing spawn area: 34%
[03:01:41] [Server thread/INFO]: Preparing spawn area: 40%
[03:01:42] [Server thread/INFO]: Preparing spawn area: 43%
[03:01:43] [Server thread/INFO]: Preparing spawn area: 50%
[03:01:45] [Server thread/INFO]: Preparing spawn area: 58%
[03:01:46] [Server thread/INFO]: Preparing spawn area: 64%
[03:01:47] [Server thread/INFO]: Preparing spawn area: 72%
[03:01:48] [Server thread/INFO]: Preparing spawn area: 79%
[03:01:49] [Server thread/INFO]: Preparing spawn area: 85%
[03:01:50] [Server thread/INFO]: Preparing spawn area: 92%
[03:01:51] [Server thread/INFO]: Preparing spawn area: 99%
[03:01:51] [Server thread/INFO]: Preparing start region for level 2 (Seed: 6841553074063632704)
[03:01:52] [Server thread/INFO]: Preparing spawn area: 20%
[03:01:53] [Server thread/INFO]: Preparing spawn area: 40%
[03:01:54] [Server thread/INFO]: Preparing spawn area: 57%
[03:01:55] [Server thread/INFO]: Preparing spawn area: 76%
[03:01:56] [Server thread/INFO]: Preparing spawn area: 97%
[03:01:56] [Server thread/INFO]: Done (51.787s)! For help, type "help" or "?"
hread/INFO]: Generating keypair
[03:01:22] [Server thread/INFO]: Starting Minecraft server on *:25565
[03:01:22] [Server thread/INFO]: Using default channel type
[03:01:23] [Server thread/WARN]: **** FAILED TO BIND TO PORT!
[03:01:23] [Server thread/WARN]: The exception was: java.net.BindException: Address already in use: bind
[03:01:23] [Server thread/WARN]: Perhaps a server is already running on that port?
[03:01:23] [Server thread/INFO]: Stopping server
[03:01:23] [Server thread/INFO]: Saving players
