[03:03:54] [Server thread/INFO]: Starting minecraft server version 1.12.2
[03:03:54] [Server thread/WARN]: To start the server with more ram, launch it as "java -Xmx1024M -Xms1024M -jar minecraft_server.jar"
[03:03:54] [Server thread/INFO]: Loading properties
[03:03:54] [Server console handler/ERROR]: Exception handling console input
java.io.IOException: The handle is invalid
	at java.io.FileInputStream.readBytes(Native Method) ~[?:1.8.0_181]
	at java.io.FileInputStream.read(FileInputStream.java:255) ~[?:1.8.0_181]
	at java.io.BufferedInputStream.fill(BufferedInputStream.java:246) ~[?:1.8.0_181]
	at java.io.BufferedInputStream.read(BufferedInputStream.java:265) ~[?:1.8.0_181]
	at org.bukkit.craftbukkit.libs.jline.internal.NonBlockingInputStream.read(NonBlockingInputStream.java:248) ~[spigot-1.12.2.jar:git-Spigot-3d850ec-809c399]
	at org.bukkit.craftbukkit.libs.jline.internal.InputStreamReader.read(InputStreamReader.java:261) ~[spigot-1.12.2.jar:git-Spigot-3d850ec-809c399]
	at org.bukkit.craftbukkit.libs.jline.internal.InputStreamReader.read(InputStreamReader.java:198) ~[spigot-1.12.2.jar:git-Spigot-3d850ec-809c399]
	at org.bukkit.craftbukkit.libs.jline.console.ConsoleReader.readCharacter(ConsoleReader.java:2145) ~[spigot-1.12.2.jar:git-Spigot-3d850ec-809c399]
	at org.bukkit.craftbukkit.libs.jline.console.ConsoleReader.readLineSimple(ConsoleReader.java:3183) ~[spigot-1.12.2.jar:git-Spigot-3d850ec-809c399]
	at org.bukkit.craftbukkit.libs.jline.console.ConsoleReader.readLine(ConsoleReader.java:2333) ~[spigot-1.12.2.jar:git-Spigot-3d850ec-809c399]
	at org.bukkit.craftbukkit.libs.jline.console.ConsoleReader.readLine(ConsoleReader.java:2269) ~[spigot-1.12.2.jar:git-Spigot-3d850ec-809c399]
	at org.bukkit.craftbukkit.libs.jline.console.ConsoleReader.readLine(ConsoleReader.java:2257) ~[spigot-1.12.2.jar:git-Spigot-3d850ec-809c399]
	at net.minecraft.server.v1_12_R1.DedicatedServer$2.run(DedicatedServer.java:87) [spigot-1.12.2.jar:git-Spigot-3d850ec-809c399]
[03:03:54] [Server thread/INFO]: Default game type: CREATIVE
[03:03:55] [Server thread/INFO]: This server is running CraftBukkit version git-Spigot-3d850ec-809c399 (MC: 1.12.2) (Implementing API version 1.12.2-R0.1-SNAPSHOT)
[03:03:55] [Server thread/INFO]: Debug logging is disabled
[03:03:55] [Server thread/INFO]: Using 4 threads for Netty based IO
[03:03:55] [Server thread/INFO]: Server Ping Player Sample Count: 12
[03:03:55] [Server thread/INFO]: Generating keypair
[03:03:55] [Server thread/INFO]: Starting Minecraft server on 192.168.0.22:25565
[03:03:55] [Server thread/INFO]: Using default channel type
[03:03:55] [Server thread/WARN]: **** FAILED TO BIND TO PORT!
[03:03:55] [Server thread/WARN]: The exception was: java.net.BindException: Address already in use: bind
[03:03:55] [Server thread/WARN]: Perhaps a server is already running on that port?
[03:03:55] [Server thread/INFO]: Stopping server
[03:03:55] [Server thread/INFO]: Saving players
