[21:46:37] [main/INFO]: Loaded 0 recipes
[21:46:38] [Server thread/INFO]: Starting minecraft server version 1.13.2
[21:46:38] [Server thread/INFO]: Loading properties
[21:46:38] [Server console handler/ERROR]: Exception handling console input
java.io.IOException: The handle is invalid
	at java.io.FileInputStream.readBytes(Native Method) ~[?:1.8.0_191]
	at java.io.FileInputStream.read(Unknown Source) ~[?:1.8.0_191]
	at java.io.BufferedInputStream.fill(Unknown Source) ~[?:1.8.0_191]
	at java.io.BufferedInputStream.read(Unknown Source) ~[?:1.8.0_191]
	at org.bukkit.craftbukkit.libs.jline.internal.NonBlockingInputStream.read(NonBlockingInputStream.java:248) ~[Minecraft_Server.jar:git-Spigot-518206a-a5b9c7b]
	at org.bukkit.craftbukkit.libs.jline.internal.InputStreamReader.read(InputStreamReader.java:261) ~[Minecraft_Server.jar:git-Spigot-518206a-a5b9c7b]
	at org.bukkit.craftbukkit.libs.jline.internal.InputStreamReader.read(InputStreamReader.java:198) ~[Minecraft_Server.jar:git-Spigot-518206a-a5b9c7b]
	at org.bukkit.craftbukkit.libs.jline.console.ConsoleReader.readCharacter(ConsoleReader.java:2145) ~[Minecraft_Server.jar:git-Spigot-518206a-a5b9c7b]
	at org.bukkit.craftbukkit.libs.jline.console.ConsoleReader.readLineSimple(ConsoleReader.java:3183) ~[Minecraft_Server.jar:git-Spigot-518206a-a5b9c7b]
	at org.bukkit.craftbukkit.libs.jline.console.ConsoleReader.readLine(ConsoleReader.java:2333) ~[Minecraft_Server.jar:git-Spigot-518206a-a5b9c7b]
	at org.bukkit.craftbukkit.libs.jline.console.ConsoleReader.readLine(ConsoleReader.java:2269) ~[Minecraft_Server.jar:git-Spigot-518206a-a5b9c7b]
	at org.bukkit.craftbukkit.libs.jline.console.ConsoleReader.readLine(ConsoleReader.java:2257) ~[Minecraft_Server.jar:git-Spigot-518206a-a5b9c7b]
	at net.minecraft.server.v1_13_R2.DedicatedServer$2.run(DedicatedServer.java:93) [Minecraft_Server.jar:git-Spigot-518206a-a5b9c7b]
[21:46:38] [Server thread/INFO]: Default game type: SURVIVAL
[21:46:38] [Server thread/INFO]: This server is running CraftBukkit version git-Spigot-518206a-a5b9c7b (MC: 1.13.2) (Implementing API version 1.13.2-R0.1-SNAPSHOT)
[21:46:38] [Server thread/INFO]: Debug logging is disabled
[21:46:38] [Server thread/INFO]: Using 4 threads for Netty based IO
[21:46:38] [Server thread/INFO]: Server Ping Player Sample Count: 12
[21:46:38] [Server thread/INFO]: Generating keypair
[21:46:38] [Server thread/INFO]: Starting Minecraft server on 192.168.0.23:25565
[21:46:38] [Server thread/INFO]: Using default channel type
[21:46:43] [Server thread/INFO]: Please restart the server if you have any plugins which depend on FAWE.
[21:46:43] [Server thread/INFO]: Vault is used for persistent `/wea` toggles.
[21:46:43] [Server thread/INFO]: ====== USE PAPER ======
[21:46:43] [Server thread/INFO]: DOWNLOAD: https://ci.destroystokyo.com/job/Paper-1.13/
[21:46:43] [Server thread/INFO]: GUIDE: https://www.spigotmc.org/threads/21726/
[21:46:43] [Server thread/INFO]:  - This is only a recommendation
[21:46:43] [Server thread/INFO]: ==============================
[21:46:43] [Server thread/INFO]: Using com.boydti.fawe.bukkit.adapter.v1_13_1.Spigot_v1_13_R2 as the Bukkit adapter
[21:46:44] [Server thread/INFO]: WEPIF: Using the Bukkit Permissions API.
[21:46:44] [Server thread/INFO]: [PlayerHeads] Loading PlayerHeads v4.8.5
[21:46:44] [Server thread/INFO]: [PlayerHeads] Internal plugin locale: 
[21:46:44] [Server thread/INFO]: [PlayerHeads] Environment locale: en_US / en-US
[21:46:44] [Server thread/INFO]: Trying provider: craftbukkit_1_13
[21:46:44] [Server thread/INFO]: [EasyRename] Loading EasyRename v1.0
[21:46:44] [Server thread/INFO]: [PsudoCommand] Loading PsudoCommand v1.0.9
[21:46:44] [Server thread/INFO]: [PluginConstructorAPI] Loading PluginConstructorAPI v1.0.51
[21:46:44] [Server thread/INFO]: [Timber] Loading Timber v1.5
[21:46:44] [Server thread/INFO]: [PixelPrinter] Loading PixelPrinter v1.0.45
[21:46:44] [Server thread/INFO]: [Essentials] Loading Essentials v2.16.0.3
[21:46:44] [Server thread/INFO]: [EssentialsChat] Loading EssentialsChat v2.16.0.3
[21:46:44] [Server thread/INFO]: [BNSpawn] Loading BNSpawn v1.0
[21:46:44] [Server thread/INFO]: [CS-CoreLib] Loading CS-CoreLib vv1.6.1
[21:46:44] [Server thread/INFO]: [ClickSigns] Loading ClickSigns v1.0
[21:46:44] [Server thread/INFO]: [PlayerParticles] Loading PlayerParticles v6.2
[21:46:44] [Server thread/INFO]: [Multiverse-Core] Loading Multiverse-Core v2.5-b719
[21:46:44] [Server thread/INFO]: [ProtocolLib] Loading ProtocolLib v4.4.0
[21:46:44] [Server thread/WARN]: [ProtocolLib] Version (MC: 1.13.2) has not yet been tested! Proceed with caution.
[21:46:44] [Server thread/INFO]: [iDisguise] Loading iDisguise v5.8.2
[21:46:44] [Server thread/INFO]: [Multiverse-NetherPortals] Loading Multiverse-NetherPortals v2.4-b530
[21:46:44] [Server thread/INFO]: [SuperVanish] Loading SuperVanish v6.1.0
[21:46:44] [Server thread/INFO]: [WorldEdit] Loading WorldEdit vunspecified
[21:46:44] [Server thread/INFO]: [ProtocolLib] Enabling ProtocolLib v4.4.0
[21:46:44] [Server thread/INFO]: [ProtocolLib] Started structure compiler thread.
[21:46:44] [Server thread/INFO]: **** Beginning UUID conversion, this may take A LONG time ****
[21:46:44] [Server thread/INFO]: Preparing level "spawn"
[21:46:44] [Server thread/INFO]: Reloading ResourceManager: Default, bukkit
[21:46:46] [Server thread/INFO]: Loaded 524 recipes
[21:46:48] [Server thread/INFO]: -------- World Settings For [spawn] --------
[21:46:48] [Server thread/INFO]: Item Despawn Rate: 6000
[21:46:48] [Server thread/INFO]: Item Merge Radius: 2.5
[21:46:48] [Server thread/INFO]: View Distance: 10
[21:46:48] [Server thread/INFO]: Allow Zombie Pigmen to spawn from portal blocks: true
[21:46:48] [Server thread/INFO]: Arrow Despawn Rate: 1200
[21:46:48] [Server thread/INFO]: Zombie Aggressive Towards Villager: true
[21:46:48] [Server thread/INFO]: Max TNT Explosions: 100
[21:46:48] [Server thread/INFO]: Experience Merge Radius: 3.0
[21:46:48] [Server thread/INFO]: Mob Spawn Range: 4
[21:46:48] [Server thread/INFO]: Hopper Transfer: 8 Hopper Check: 1 Hopper Amount: 1
[21:46:48] [Server thread/INFO]: Random Lighting Updates: false
[21:46:48] [Server thread/INFO]: Tile Max Tick Time: 50ms Entity max Tick Time: 50ms
[21:46:48] [Server thread/INFO]: Cactus Growth Modifier: 100%
[21:46:48] [Server thread/INFO]: Cane Growth Modifier: 100%
[21:46:48] [Server thread/INFO]: Melon Growth Modifier: 100%
[21:46:48] [Server thread/INFO]: Mushroom Growth Modifier: 100%
[21:46:48] [Server thread/INFO]: Pumpkin Growth Modifier: 100%
[21:46:48] [Server thread/INFO]: Sapling Growth Modifier: 100%
[21:46:48] [Server thread/INFO]: Beetroot Growth Modifier: 100%
[21:46:48] [Server thread/INFO]: Carrot Growth Modifier: 100%
[21:46:48] [Server thread/INFO]: Potato Growth Modifier: 100%
[21:46:48] [Server thread/INFO]: Wheat Growth Modifier: 100%
[21:46:48] [Server thread/INFO]: NetherWart Growth Modifier: 100%
[21:46:48] [Server thread/INFO]: Vine Growth Modifier: 100%
[21:46:48] [Server thread/INFO]: Cocoa Growth Modifier: 100%
[21:46:48] [Server thread/INFO]: Entity Activation Range: An 32 / Mo 32 / Mi 16 / Tiv true
[21:46:48] [Server thread/INFO]: Entity Tracking Range: Pl 48 / An 48 / Mo 48 / Mi 32 / Other 64
[21:46:48] [Server thread/INFO]: Nerfing mobs spawned from spawners: false
[21:46:48] [Server thread/INFO]: Custom Map Seeds:  Village: 10387312 Desert: 14357617 Igloo: 14357618 Jungle: 14357619 Swamp: 14357620 Monument: 10387313Ocean: 14357621 Shipwreck: 165745295 Slime: 987234911
[21:46:48] [Server thread/INFO]: -------- World Settings For [spawn_nether] --------
[21:46:48] [Server thread/INFO]: Item Despawn Rate: 6000
[21:46:48] [Server thread/INFO]: Item Merge Radius: 2.5
[21:46:48] [Server thread/INFO]: View Distance: 10
[21:46:48] [Server thread/INFO]: Allow Zombie Pigmen to spawn from portal blocks: true
[21:46:48] [Server thread/INFO]: Arrow Despawn Rate: 1200
[21:46:48] [Server thread/INFO]: Zombie Aggressive Towards Villager: true
[21:46:48] [Server thread/INFO]: Max TNT Explosions: 100
[21:46:48] [Server thread/INFO]: Experience Merge Radius: 3.0
[21:46:48] [Server thread/INFO]: Mob Spawn Range: 4
[21:46:48] [Server thread/INFO]: Hopper Transfer: 8 Hopper Check: 1 Hopper Amount: 1
[21:46:48] [Server thread/INFO]: Random Lighting Updates: false
[21:46:48] [Server thread/INFO]: Tile Max Tick Time: 50ms Entity max Tick Time: 50ms
[21:46:48] [Server thread/INFO]: Cactus Growth Modifier: 100%
[21:46:48] [Server thread/INFO]: Cane Growth Modifier: 100%
[21:46:48] [Server thread/INFO]: Melon Growth Modifier: 100%
[21:46:48] [Server thread/INFO]: Mushroom Growth Modifier: 100%
[21:46:48] [Server thread/INFO]: Pumpkin Growth Modifier: 100%
[21:46:48] [Server thread/INFO]: Sapling Growth Modifier: 100%
[21:46:48] [Server thread/INFO]: Beetroot Growth Modifier: 100%
[21:46:48] [Server thread/INFO]: Carrot Growth Modifier: 100%
[21:46:48] [Server thread/INFO]: Potato Growth Modifier: 100%
[21:46:48] [Server thread/INFO]: Wheat Growth Modifier: 100%
[21:46:48] [Server thread/INFO]: NetherWart Growth Modifier: 100%
[21:46:48] [Server thread/INFO]: Vine Growth Modifier: 100%
[21:46:48] [Server thread/INFO]: Cocoa Growth Modifier: 100%
[21:46:48] [Server thread/INFO]: Entity Activation Range: An 32 / Mo 32 / Mi 16 / Tiv true
[21:46:48] [Server thread/INFO]: Entity Tracking Range: Pl 48 / An 48 / Mo 48 / Mi 32 / Other 64
[21:46:48] [Server thread/INFO]: Nerfing mobs spawned from spawners: false
[21:46:48] [Server thread/INFO]: Custom Map Seeds:  Village: 10387312 Desert: 14357617 Igloo: 14357618 Jungle: 14357619 Swamp: 14357620 Monument: 10387313Ocean: 14357621 Shipwreck: 165745295 Slime: 987234911
[21:46:48] [Server thread/INFO]: -------- World Settings For [spawn_the_end] --------
[21:46:48] [Server thread/INFO]: Item Despawn Rate: 6000
[21:46:48] [Server thread/INFO]: Item Merge Radius: 2.5
[21:46:48] [Server thread/INFO]: View Distance: 10
[21:46:48] [Server thread/INFO]: Allow Zombie Pigmen to spawn from portal blocks: true
[21:46:48] [Server thread/INFO]: Arrow Despawn Rate: 1200
[21:46:48] [Server thread/INFO]: Zombie Aggressive Towards Villager: true
[21:46:48] [Server thread/INFO]: Max TNT Explosions: 100
[21:46:48] [Server thread/INFO]: Experience Merge Radius: 3.0
[21:46:48] [Server thread/INFO]: Mob Spawn Range: 4
[21:46:48] [Server thread/INFO]: Hopper Transfer: 8 Hopper Check: 1 Hopper Amount: 1
[21:46:48] [Server thread/INFO]: Random Lighting Updates: false
[21:46:48] [Server thread/INFO]: Tile Max Tick Time: 50ms Entity max Tick Time: 50ms
[21:46:48] [Server thread/INFO]: Cactus Growth Modifier: 100%
[21:46:48] [Server thread/INFO]: Cane Growth Modifier: 100%
[21:46:48] [Server thread/INFO]: Melon Growth Modifier: 100%
[21:46:48] [Server thread/INFO]: Mushroom Growth Modifier: 100%
[21:46:48] [Server thread/INFO]: Pumpkin Growth Modifier: 100%
[21:46:48] [Server thread/INFO]: Sapling Growth Modifier: 100%
[21:46:48] [Server thread/INFO]: Beetroot Growth Modifier: 100%
[21:46:48] [Server thread/INFO]: Carrot Growth Modifier: 100%
[21:46:48] [Server thread/INFO]: Potato Growth Modifier: 100%
[21:46:48] [Server thread/INFO]: Wheat Growth Modifier: 100%
[21:46:48] [Server thread/INFO]: NetherWart Growth Modifier: 100%
[21:46:48] [Server thread/INFO]: Vine Growth Modifier: 100%
[21:46:48] [Server thread/INFO]: Cocoa Growth Modifier: 100%
[21:46:48] [Server thread/INFO]: Entity Activation Range: An 32 / Mo 32 / Mi 16 / Tiv true
[21:46:48] [Server thread/INFO]: Entity Tracking Range: Pl 48 / An 48 / Mo 48 / Mi 32 / Other 64
[21:46:48] [Server thread/INFO]: Nerfing mobs spawned from spawners: false
[21:46:48] [Server thread/INFO]: Custom Map Seeds:  Village: 10387312 Desert: 14357617 Igloo: 14357618 Jungle: 14357619 Swamp: 14357620 Monument: 10387313Ocean: 14357621 Shipwreck: 165745295 Slime: 987234911
[21:46:48] [Server thread/INFO]: Preparing start region for level minecraft:the_nether (Seed: 8125310179289818627)
[21:46:48] [Server thread/INFO]: Preparing spawn area: 4%
[21:46:48] [Server thread/INFO]: Preparing spawn area: 8%
[21:46:48] [Server thread/INFO]: Preparing spawn area: 12%
[21:46:48] [Server thread/INFO]: Preparing spawn area: 16%
[21:46:48] [Server thread/INFO]: Preparing spawn area: 20%
[21:46:49] [Server thread/INFO]: Preparing spawn area: 24%
[21:46:49] [Server thread/INFO]: Preparing spawn area: 28%
[21:46:49] [Server thread/INFO]: Preparing spawn area: 32%
[21:46:49] [Server thread/INFO]: Preparing spawn area: 36%
[21:46:49] [Server thread/INFO]: Preparing spawn area: 40%
[21:46:49] [Server thread/INFO]: Preparing spawn area: 44%
[21:46:49] [Server thread/INFO]: Preparing spawn area: 48%
[21:46:49] [Server thread/INFO]: Preparing spawn area: 52%
[21:46:49] [Server thread/INFO]: Preparing spawn area: 56%
[21:46:49] [Server thread/INFO]: Preparing spawn area: 60%
[21:46:49] [Server thread/INFO]: Preparing spawn area: 64%
[21:46:49] [Server thread/INFO]: Preparing spawn area: 68%
[21:46:49] [Server thread/INFO]: Preparing spawn area: 72%
[21:46:49] [Server thread/INFO]: Preparing spawn area: 76%
[21:46:49] [Server thread/INFO]: Preparing spawn area: 80%
[21:46:49] [Server thread/INFO]: Preparing spawn area: 84%
[21:46:49] [Server thread/INFO]: Preparing spawn area: 88%
[21:46:49] [Server thread/INFO]: Preparing spawn area: 92%
[21:46:49] [Server thread/INFO]: Preparing spawn area: 96%
[21:46:49] [Server thread/INFO]: Preparing spawn area: 100%
[21:46:49] [Server thread/INFO]: Preparing start region for level minecraft:the_end (Seed: 8125310179289818627)
[21:46:49] [Server thread/INFO]: Preparing spawn area: 4%
[21:46:49] [Server thread/INFO]: Preparing spawn area: 8%
[21:46:49] [Server thread/INFO]: Preparing spawn area: 12%
[21:46:49] [Server thread/INFO]: Preparing spawn area: 16%
[21:46:50] [Server thread/INFO]: Preparing spawn area: 20%
[21:46:50] [Server thread/INFO]: Preparing spawn area: 24%
[21:46:50] [Server thread/INFO]: Preparing spawn area: 28%
[21:46:50] [Server thread/INFO]: Preparing spawn area: 32%
[21:46:50] [Server thread/INFO]: Preparing spawn area: 36%
[21:46:50] [Server thread/INFO]: Preparing spawn area: 40%
[21:46:50] [Server thread/INFO]: Preparing spawn area: 44%
[21:46:50] [Server thread/INFO]: Preparing spawn area: 48%
[21:46:50] [Server thread/INFO]: Preparing spawn area: 52%
[21:46:50] [Server thread/INFO]: Preparing spawn area: 56%
[21:46:50] [Server thread/INFO]: Preparing spawn area: 60%
[21:46:50] [Server thread/INFO]: Preparing spawn area: 64%
[21:46:50] [Server thread/INFO]: Preparing spawn area: 68%
[21:46:50] [Server thread/INFO]: Preparing spawn area: 72%
[21:46:50] [Server thread/INFO]: Preparing spawn area: 76%
[21:46:50] [Server thread/INFO]: Preparing spawn area: 80%
[21:46:50] [Server thread/INFO]: Preparing spawn area: 84%
[21:46:50] [Server thread/INFO]: Preparing spawn area: 88%
[21:46:50] [Server thread/INFO]: Preparing spawn area: 92%
[21:46:50] [Server thread/INFO]: Preparing spawn area: 96%
[21:46:50] [Server thread/INFO]: Preparing spawn area: 100%
[21:46:50] [Server thread/INFO]: Preparing start region for level minecraft:overworld (Seed: 8125310179289818627)
[21:46:50] [Server thread/INFO]: Preparing spawn area: 4%
[21:46:50] [Server thread/INFO]: Preparing spawn area: 8%
[21:46:50] [Server thread/INFO]: Preparing spawn area: 12%
[21:46:50] [Server thread/INFO]: Preparing spawn area: 16%
[21:46:50] [Server thread/INFO]: Preparing spawn area: 20%
[21:46:50] [Server thread/INFO]: Preparing spawn area: 24%
[21:46:50] [Server thread/INFO]: Preparing spawn area: 28%
[21:46:50] [Server thread/INFO]: Preparing spawn area: 32%
[21:46:50] [Server thread/INFO]: Preparing spawn area: 36%
[21:46:50] [Server thread/INFO]: Preparing spawn area: 40%
[21:46:50] [Server thread/INFO]: Preparing spawn area: 44%
[21:46:50] [Server thread/INFO]: Preparing spawn area: 48%
[21:46:50] [Server thread/INFO]: Preparing spawn area: 52%
[21:46:50] [Server thread/INFO]: Preparing spawn area: 56%
[21:46:50] [Server thread/INFO]: Preparing spawn area: 60%
[21:46:50] [Server thread/INFO]: Preparing spawn area: 64%
[21:46:50] [Server thread/INFO]: Preparing spawn area: 68%
[21:46:50] [Server thread/INFO]: Preparing spawn area: 72%
[21:46:50] [Server thread/INFO]: Preparing spawn area: 76%
[21:46:50] [Server thread/INFO]: Preparing spawn area: 80%
[21:46:50] [Server thread/INFO]: Preparing spawn area: 84%
[21:46:50] [Server thread/INFO]: Preparing spawn area: 88%
[21:46:50] [Server thread/INFO]: Preparing spawn area: 92%
[21:46:50] [Server thread/INFO]: Preparing spawn area: 96%
[21:46:50] [Server thread/INFO]: Preparing spawn area: 100%
[21:46:50] [Server thread/INFO]: Time elapsed: 2310 ms
[21:46:50] [Server thread/INFO]: [PlayerHeads] Enabling PlayerHeads v4.8.5
[21:46:51] [Server thread/INFO]: [PlayerHeads] Current plugin compatibility version: craftbukkit 1.13
[21:46:51] [Server thread/INFO]: [EasyRename] Enabling EasyRename v1.0
[21:46:51] [Server thread/INFO]: [EasyRename] EasyRename enabled!
[21:46:51] [Server thread/INFO]: [PsudoCommand] Enabling PsudoCommand v1.0.9
[21:46:51] [Server thread/INFO]: [PluginConstructorAPI] Enabling PluginConstructorAPI v1.0.51
[21:46:51] [Server thread/INFO]: [Timber] Enabling Timber v1.5
[21:46:51] [Server thread/INFO]: [Timber] Loaded config file
[21:46:51] [Server thread/INFO]: [PixelPrinter] Enabling PixelPrinter v1.0.45
[21:46:51] [Server thread/INFO]: [Essentials] Enabling Essentials v2.16.0.3
[21:46:51] [Server thread/INFO]: Attempting to convert old kits in config.yml to new kits.yml
[21:46:51] [Server thread/INFO]: No kits found to migrate.
[21:46:52] [Server thread/INFO]: [Essentials] Using 1.8.3+ BlockStateMeta provider as mob spawner provider.
[21:46:52] [Server thread/INFO]: [Essentials] Using 1.13+ flat spawn egg provider as spawn egg provider.
[21:46:52] [Server thread/INFO]: [Essentials] Using 1.9+ BasePotionData provider as potion meta provider.
[21:46:52] [Server thread/INFO]: Loaded 17746 items from items.json.
[21:46:52] [Server thread/INFO]: Using locale en_US
[21:46:52] [Server thread/INFO]: [Essentials] Using Spigot 1.7.10+ ServerListPingEvent iterator
[21:46:52] [Server thread/INFO]: [Essentials] Starting Metrics. Opt-out using the global bStats config.
[21:46:52] [Server thread/INFO]: [Essentials] Using superperms-based permissions.
[21:46:52] [Server thread/INFO]: [EssentialsChat] Enabling EssentialsChat v2.16.0.3
[21:46:52] [Server thread/INFO]: [BNSpawn] Enabling BNSpawn v1.0
[21:46:52] [Server thread/INFO]: [BNSpawn] Ready to embellish the server!
[21:46:52] [Server thread/INFO]: [BNSpawn] author: RenoBN
[21:46:52] [Server thread/INFO]: [CS-CoreLib] Enabling CS-CoreLib vv1.6.1
[21:46:52] [Server thread/INFO]: [ClickSigns] Enabling ClickSigns v1.0
[21:46:52] [Server thread/INFO]: [ClickSigns] Plugin by J_akob
[21:46:52] [Server thread/INFO]: [PlayerParticles] Enabling PlayerParticles v6.2
[21:46:52] [Server thread/INFO]: [Multiverse-Core] Enabling Multiverse-Core v2.5-b719
[21:46:53] [Server thread/INFO]: -------- World Settings For [dropper_the_end] --------
[21:46:53] [Server thread/INFO]: Item Despawn Rate: 6000
[21:46:53] [Server thread/INFO]: Item Merge Radius: 2.5
[21:46:53] [Server thread/INFO]: View Distance: 10
[21:46:53] [Server thread/INFO]: Allow Zombie Pigmen to spawn from portal blocks: true
[21:46:53] [Server thread/INFO]: Arrow Despawn Rate: 1200
[21:46:53] [Server thread/INFO]: Zombie Aggressive Towards Villager: true
[21:46:53] [Server thread/INFO]: Max TNT Explosions: 100
[21:46:53] [Server thread/INFO]: Experience Merge Radius: 3.0
[21:46:53] [Server thread/INFO]: Mob Spawn Range: 4
[21:46:53] [Server thread/INFO]: Hopper Transfer: 8 Hopper Check: 1 Hopper Amount: 1
[21:46:53] [Server thread/INFO]: Random Lighting Updates: false
[21:46:53] [Server thread/INFO]: Tile Max Tick Time: 50ms Entity max Tick Time: 50ms
[21:46:53] [Server thread/INFO]: Cactus Growth Modifier: 100%
[21:46:53] [Server thread/INFO]: Cane Growth Modifier: 100%
[21:46:53] [Server thread/INFO]: Melon Growth Modifier: 100%
[21:46:53] [Server thread/INFO]: Mushroom Growth Modifier: 100%
[21:46:53] [Server thread/INFO]: Pumpkin Growth Modifier: 100%
[21:46:53] [Server thread/INFO]: Sapling Growth Modifier: 100%
[21:46:53] [Server thread/INFO]: Beetroot Growth Modifier: 100%
[21:46:53] [Server thread/INFO]: Carrot Growth Modifier: 100%
[21:46:53] [Server thread/INFO]: Potato Growth Modifier: 100%
[21:46:53] [Server thread/INFO]: Wheat Growth Modifier: 100%
[21:46:53] [Server thread/INFO]: NetherWart Growth Modifier: 100%
[21:46:53] [Server thread/INFO]: Vine Growth Modifier: 100%
[21:46:53] [Server thread/INFO]: Cocoa Growth Modifier: 100%
[21:46:53] [Server thread/INFO]: Entity Activation Range: An 32 / Mo 32 / Mi 16 / Tiv true
[21:46:53] [Server thread/INFO]: Entity Tracking Range: Pl 48 / An 48 / Mo 48 / Mi 32 / Other 64
[21:46:53] [Server thread/INFO]: Nerfing mobs spawned from spawners: false
[21:46:53] [Server thread/INFO]: Custom Map Seeds:  Village: 10387312 Desert: 14357617 Igloo: 14357618 Jungle: 14357619 Swamp: 14357620 Monument: 10387313Ocean: 14357621 Shipwreck: 165745295 Slime: 987234911
[21:46:53] [Server thread/INFO]: Preparing start region for level 3 (Seed: 5594022198261112867)
[21:46:53] [Server thread/INFO]: -------- World Settings For [dropper] --------
[21:46:53] [Server thread/INFO]: Item Despawn Rate: 6000
[21:46:53] [Server thread/INFO]: Item Merge Radius: 2.5
[21:46:53] [Server thread/INFO]: View Distance: 10
[21:46:53] [Server thread/INFO]: Allow Zombie Pigmen to spawn from portal blocks: true
[21:46:53] [Server thread/INFO]: Arrow Despawn Rate: 1200
[21:46:53] [Server thread/INFO]: Zombie Aggressive Towards Villager: true
[21:46:53] [Server thread/INFO]: Max TNT Explosions: 100
[21:46:53] [Server thread/INFO]: Experience Merge Radius: 3.0
[21:46:53] [Server thread/INFO]: Mob Spawn Range: 4
[21:46:53] [Server thread/INFO]: Hopper Transfer: 8 Hopper Check: 1 Hopper Amount: 1
[21:46:53] [Server thread/INFO]: Random Lighting Updates: false
[21:46:53] [Server thread/INFO]: Tile Max Tick Time: 50ms Entity max Tick Time: 50ms
[21:46:53] [Server thread/INFO]: Cactus Growth Modifier: 100%
[21:46:53] [Server thread/INFO]: Cane Growth Modifier: 100%
[21:46:53] [Server thread/INFO]: Melon Growth Modifier: 100%
[21:46:53] [Server thread/INFO]: Mushroom Growth Modifier: 100%
[21:46:53] [Server thread/INFO]: Pumpkin Growth Modifier: 100%
[21:46:53] [Server thread/INFO]: Sapling Growth Modifier: 100%
[21:46:53] [Server thread/INFO]: Beetroot Growth Modifier: 100%
[21:46:53] [Server thread/INFO]: Carrot Growth Modifier: 100%
[21:46:53] [Server thread/INFO]: Potato Growth Modifier: 100%
[21:46:53] [Server thread/INFO]: Wheat Growth Modifier: 100%
[21:46:53] [Server thread/INFO]: NetherWart Growth Modifier: 100%
[21:46:53] [Server thread/INFO]: Vine Growth Modifier: 100%
[21:46:53] [Server thread/INFO]: Cocoa Growth Modifier: 100%
[21:46:53] [Server thread/INFO]: Entity Activation Range: An 32 / Mo 32 / Mi 16 / Tiv true
[21:46:53] [Server thread/INFO]: Entity Tracking Range: Pl 48 / An 48 / Mo 48 / Mi 32 / Other 64
[21:46:53] [Server thread/INFO]: Nerfing mobs spawned from spawners: false
[21:46:53] [Server thread/INFO]: Custom Map Seeds:  Village: 10387312 Desert: 14357617 Igloo: 14357618 Jungle: 14357619 Swamp: 14357620 Monument: 10387313Ocean: 14357621 Shipwreck: 165745295 Slime: 987234911
[21:46:53] [Server thread/INFO]: Preparing start region for level 4 (Seed: 5594022198261112867)
[21:46:54] [Server thread/INFO]: Preparing spawn area for dropper, 65%
[21:46:54] [Server thread/INFO]: -------- World Settings For [legoandsmiggle] --------
[21:46:54] [Server thread/INFO]: Item Despawn Rate: 6000
[21:46:54] [Server thread/INFO]: Item Merge Radius: 2.5
[21:46:54] [Server thread/INFO]: View Distance: 10
[21:46:54] [Server thread/INFO]: Allow Zombie Pigmen to spawn from portal blocks: true
[21:46:54] [Server thread/INFO]: Arrow Despawn Rate: 1200
[21:46:54] [Server thread/INFO]: Zombie Aggressive Towards Villager: true
[21:46:54] [Server thread/INFO]: Max TNT Explosions: 100
[21:46:54] [Server thread/INFO]: Experience Merge Radius: 3.0
[21:46:54] [Server thread/INFO]: Mob Spawn Range: 4
[21:46:54] [Server thread/INFO]: Hopper Transfer: 8 Hopper Check: 1 Hopper Amount: 1
[21:46:54] [Server thread/INFO]: Random Lighting Updates: false
[21:46:54] [Server thread/INFO]: Tile Max Tick Time: 50ms Entity max Tick Time: 50ms
[21:46:54] [Server thread/INFO]: Cactus Growth Modifier: 100%
[21:46:54] [Server thread/INFO]: Cane Growth Modifier: 100%
[21:46:54] [Server thread/INFO]: Melon Growth Modifier: 100%
[21:46:54] [Server thread/INFO]: Mushroom Growth Modifier: 100%
[21:46:54] [Server thread/INFO]: Pumpkin Growth Modifier: 100%
[21:46:54] [Server thread/INFO]: Sapling Growth Modifier: 100%
[21:46:54] [Server thread/INFO]: Beetroot Growth Modifier: 100%
[21:46:54] [Server thread/INFO]: Carrot Growth Modifier: 100%
[21:46:54] [Server thread/INFO]: Potato Growth Modifier: 100%
[21:46:54] [Server thread/INFO]: Wheat Growth Modifier: 100%
[21:46:54] [Server thread/INFO]: NetherWart Growth Modifier: 100%
[21:46:54] [Server thread/INFO]: Vine Growth Modifier: 100%
[21:46:54] [Server thread/INFO]: Cocoa Growth Modifier: 100%
[21:46:54] [Server thread/INFO]: Entity Activation Range: An 32 / Mo 32 / Mi 16 / Tiv true
[21:46:54] [Server thread/INFO]: Entity Tracking Range: Pl 48 / An 48 / Mo 48 / Mi 32 / Other 64
[21:46:54] [Server thread/INFO]: Nerfing mobs spawned from spawners: false
[21:46:54] [Server thread/INFO]: Custom Map Seeds:  Village: 10387312 Desert: 14357617 Igloo: 14357618 Jungle: 14357619 Swamp: 14357620 Monument: 10387313Ocean: 14357621 Shipwreck: 165745295 Slime: 987234911
[21:46:54] [Server thread/INFO]: Preparing start region for level 5 (Seed: -3041962992730659409)
[21:46:55] [Server thread/INFO]: -------- World Settings For [dropper_nether] --------
[21:46:55] [Server thread/INFO]: Item Despawn Rate: 6000
[21:46:55] [Server thread/INFO]: Item Merge Radius: 2.5
[21:46:55] [Server thread/INFO]: View Distance: 10
[21:46:55] [Server thread/INFO]: Allow Zombie Pigmen to spawn from portal blocks: true
[21:46:55] [Server thread/INFO]: Arrow Despawn Rate: 1200
[21:46:55] [Server thread/INFO]: Zombie Aggressive Towards Villager: true
[21:46:55] [Server thread/INFO]: Max TNT Explosions: 100
[21:46:55] [Server thread/INFO]: Experience Merge Radius: 3.0
[21:46:55] [Server thread/INFO]: Mob Spawn Range: 4
[21:46:55] [Server thread/INFO]: Hopper Transfer: 8 Hopper Check: 1 Hopper Amount: 1
[21:46:55] [Server thread/INFO]: Random Lighting Updates: false
[21:46:55] [Server thread/INFO]: Tile Max Tick Time: 50ms Entity max Tick Time: 50ms
[21:46:55] [Server thread/INFO]: Cactus Growth Modifier: 100%
[21:46:55] [Server thread/INFO]: Cane Growth Modifier: 100%
[21:46:55] [Server thread/INFO]: Melon Growth Modifier: 100%
[21:46:55] [Server thread/INFO]: Mushroom Growth Modifier: 100%
[21:46:55] [Server thread/INFO]: Pumpkin Growth Modifier: 100%
[21:46:55] [Server thread/INFO]: Sapling Growth Modifier: 100%
[21:46:55] [Server thread/INFO]: Beetroot Growth Modifier: 100%
[21:46:55] [Server thread/INFO]: Carrot Growth Modifier: 100%
[21:46:55] [Server thread/INFO]: Potato Growth Modifier: 100%
[21:46:55] [Server thread/INFO]: Wheat Growth Modifier: 100%
[21:46:55] [Server thread/INFO]: NetherWart Growth Modifier: 100%
[21:46:55] [Server thread/INFO]: Vine Growth Modifier: 100%
[21:46:55] [Server thread/INFO]: Cocoa Growth Modifier: 100%
[21:46:55] [Server thread/INFO]: Entity Activation Range: An 32 / Mo 32 / Mi 16 / Tiv true
[21:46:55] [Server thread/INFO]: Entity Tracking Range: Pl 48 / An 48 / Mo 48 / Mi 32 / Other 64
[21:46:55] [Server thread/INFO]: Nerfing mobs spawned from spawners: false
[21:46:55] [Server thread/INFO]: Custom Map Seeds:  Village: 10387312 Desert: 14357617 Igloo: 14357618 Jungle: 14357619 Swamp: 14357620 Monument: 10387313Ocean: 14357621 Shipwreck: 165745295 Slime: 987234911
[21:46:55] [Server thread/INFO]: World dropper_nether is a duplicate of another world and has been prevented from loading. Please delete the uid.dat file from dropper_nether's world directory if you want to be able to load the duplicate world.
[21:46:55] [Server thread/ERROR]: [Multiverse-Core] The world 'dropper_nether' could NOT be loaded because the server didn't like it!
[21:46:55] [Server thread/ERROR]: [Multiverse-Core] We don't really know why this is. Contact the developer of your server software!
[21:46:55] [Server thread/ERROR]: [Multiverse-Core] Server version info: git-Spigot-518206a-a5b9c7b (MC: 1.13.2)
[21:46:55] [Server thread/INFO]: -------- World Settings For [creative] --------
[21:46:55] [Server thread/INFO]: Item Despawn Rate: 6000
[21:46:55] [Server thread/INFO]: Item Merge Radius: 2.5
[21:46:55] [Server thread/INFO]: View Distance: 10
[21:46:55] [Server thread/INFO]: Allow Zombie Pigmen to spawn from portal blocks: true
[21:46:55] [Server thread/INFO]: Arrow Despawn Rate: 1200
[21:46:55] [Server thread/INFO]: Zombie Aggressive Towards Villager: true
[21:46:55] [Server thread/INFO]: Max TNT Explosions: 100
[21:46:55] [Server thread/INFO]: Experience Merge Radius: 3.0
[21:46:55] [Server thread/INFO]: Mob Spawn Range: 4
[21:46:55] [Server thread/INFO]: Hopper Transfer: 8 Hopper Check: 1 Hopper Amount: 1
[21:46:55] [Server thread/INFO]: Random Lighting Updates: false
[21:46:55] [Server thread/INFO]: Tile Max Tick Time: 50ms Entity max Tick Time: 50ms
[21:46:55] [Server thread/INFO]: Cactus Growth Modifier: 100%
[21:46:55] [Server thread/INFO]: Cane Growth Modifier: 100%
[21:46:55] [Server thread/INFO]: Melon Growth Modifier: 100%
[21:46:55] [Server thread/INFO]: Mushroom Growth Modifier: 100%
[21:46:55] [Server thread/INFO]: Pumpkin Growth Modifier: 100%
[21:46:55] [Server thread/INFO]: Sapling Growth Modifier: 100%
[21:46:55] [Server thread/INFO]: Beetroot Growth Modifier: 100%
[21:46:55] [Server thread/INFO]: Carrot Growth Modifier: 100%
[21:46:55] [Server thread/INFO]: Potato Growth Modifier: 100%
[21:46:55] [Server thread/INFO]: Wheat Growth Modifier: 100%
[21:46:55] [Server thread/INFO]: NetherWart Growth Modifier: 100%
[21:46:55] [Server thread/INFO]: Vine Growth Modifier: 100%
[21:46:55] [Server thread/INFO]: Cocoa Growth Modifier: 100%
[21:46:55] [Server thread/INFO]: Entity Activation Range: An 32 / Mo 32 / Mi 16 / Tiv true
[21:46:55] [Server thread/INFO]: Entity Tracking Range: Pl 48 / An 48 / Mo 48 / Mi 32 / Other 64
[21:46:55] [Server thread/INFO]: Nerfing mobs spawned from spawners: false
[21:46:55] [Server thread/INFO]: Custom Map Seeds:  Village: 10387312 Desert: 14357617 Igloo: 14357618 Jungle: 14357619 Swamp: 14357620 Monument: 10387313Ocean: 14357621 Shipwreck: 165745295 Slime: 987234911
[21:46:55] [Server thread/INFO]: Preparing start region for level 6 (Seed: 8945442217686267074)
[21:46:56] [Server thread/INFO]: -------- World Settings For [world_the_end] --------
[21:46:56] [Server thread/INFO]: Item Despawn Rate: 6000
[21:46:56] [Server thread/INFO]: Item Merge Radius: 2.5
[21:46:56] [Server thread/INFO]: View Distance: 10
[21:46:56] [Server thread/INFO]: Allow Zombie Pigmen to spawn from portal blocks: true
[21:46:56] [Server thread/INFO]: Arrow Despawn Rate: 1200
[21:46:56] [Server thread/INFO]: Zombie Aggressive Towards Villager: true
[21:46:56] [Server thread/INFO]: Max TNT Explosions: 100
[21:46:56] [Server thread/INFO]: Experience Merge Radius: 3.0
[21:46:56] [Server thread/INFO]: Mob Spawn Range: 4
[21:46:56] [Server thread/INFO]: Hopper Transfer: 8 Hopper Check: 1 Hopper Amount: 1
[21:46:56] [Server thread/INFO]: Random Lighting Updates: false
[21:46:56] [Server thread/INFO]: Tile Max Tick Time: 50ms Entity max Tick Time: 50ms
[21:46:56] [Server thread/INFO]: Cactus Growth Modifier: 100%
[21:46:56] [Server thread/INFO]: Cane Growth Modifier: 100%
[21:46:56] [Server thread/INFO]: Melon Growth Modifier: 100%
[21:46:56] [Server thread/INFO]: Mushroom Growth Modifier: 100%
[21:46:56] [Server thread/INFO]: Pumpkin Growth Modifier: 100%
[21:46:56] [Server thread/INFO]: Sapling Growth Modifier: 100%
[21:46:56] [Server thread/INFO]: Beetroot Growth Modifier: 100%
[21:46:56] [Server thread/INFO]: Carrot Growth Modifier: 100%
[21:46:56] [Server thread/INFO]: Potato Growth Modifier: 100%
[21:46:56] [Server thread/INFO]: Wheat Growth Modifier: 100%
[21:46:56] [Server thread/INFO]: NetherWart Growth Modifier: 100%
[21:46:56] [Server thread/INFO]: Vine Growth Modifier: 100%
[21:46:56] [Server thread/INFO]: Cocoa Growth Modifier: 100%
[21:46:56] [Server thread/INFO]: Entity Activation Range: An 32 / Mo 32 / Mi 16 / Tiv true
[21:46:56] [Server thread/INFO]: Entity Tracking Range: Pl 48 / An 48 / Mo 48 / Mi 32 / Other 64
[21:46:56] [Server thread/INFO]: Nerfing mobs spawned from spawners: false
[21:46:56] [Server thread/INFO]: Custom Map Seeds:  Village: 10387312 Desert: 14357617 Igloo: 14357618 Jungle: 14357619 Swamp: 14357620 Monument: 10387313Ocean: 14357621 Shipwreck: 165745295 Slime: 987234911
[21:46:56] [Server thread/INFO]: Preparing start region for level 7 (Seed: 6841553074063632704)
[21:46:56] [Server thread/INFO]: -------- World Settings For [world] --------
[21:46:56] [Server thread/INFO]: Item Despawn Rate: 6000
[21:46:56] [Server thread/INFO]: Item Merge Radius: 2.5
[21:46:56] [Server thread/INFO]: View Distance: 10
[21:46:56] [Server thread/INFO]: Allow Zombie Pigmen to spawn from portal blocks: true
[21:46:56] [Server thread/INFO]: Arrow Despawn Rate: 1200
[21:46:56] [Server thread/INFO]: Zombie Aggressive Towards Villager: true
[21:46:56] [Server thread/INFO]: Max TNT Explosions: 100
[21:46:56] [Server thread/INFO]: Experience Merge Radius: 3.0
[21:46:56] [Server thread/INFO]: Mob Spawn Range: 4
[21:46:56] [Server thread/INFO]: Hopper Transfer: 8 Hopper Check: 1 Hopper Amount: 1
[21:46:56] [Server thread/INFO]: Random Lighting Updates: false
[21:46:56] [Server thread/INFO]: Tile Max Tick Time: 50ms Entity max Tick Time: 50ms
[21:46:56] [Server thread/INFO]: Cactus Growth Modifier: 100%
[21:46:56] [Server thread/INFO]: Cane Growth Modifier: 100%
[21:46:56] [Server thread/INFO]: Melon Growth Modifier: 100%
[21:46:56] [Server thread/INFO]: Mushroom Growth Modifier: 100%
[21:46:56] [Server thread/INFO]: Pumpkin Growth Modifier: 100%
[21:46:56] [Server thread/INFO]: Sapling Growth Modifier: 100%
[21:46:56] [Server thread/INFO]: Beetroot Growth Modifier: 100%
[21:46:56] [Server thread/INFO]: Carrot Growth Modifier: 100%
[21:46:56] [Server thread/INFO]: Potato Growth Modifier: 100%
[21:46:56] [Server thread/INFO]: Wheat Growth Modifier: 100%
[21:46:56] [Server thread/INFO]: NetherWart Growth Modifier: 100%
[21:46:56] [Server thread/INFO]: Vine Growth Modifier: 100%
[21:46:56] [Server thread/INFO]: Cocoa Growth Modifier: 100%
[21:46:56] [Server thread/INFO]: Entity Activation Range: An 32 / Mo 32 / Mi 16 / Tiv true
[21:46:56] [Server thread/INFO]: Entity Tracking Range: Pl 48 / An 48 / Mo 48 / Mi 32 / Other 64
[21:46:56] [Server thread/INFO]: Nerfing mobs spawned from spawners: false
[21:46:56] [Server thread/INFO]: Custom Map Seeds:  Village: 10387312 Desert: 14357617 Igloo: 14357618 Jungle: 14357619 Swamp: 14357620 Monument: 10387313Ocean: 14357621 Shipwreck: 165745295 Slime: 987234911
[21:46:56] [Server thread/INFO]: Preparing start region for level 8 (Seed: 6841553074063632704)
[21:46:59] [Server thread/INFO]: Preparing spawn area for world, 81%
[21:46:59] [Server thread/INFO]: -------- World Settings For [world_nether] --------
[21:46:59] [Server thread/INFO]: Item Despawn Rate: 6000
[21:46:59] [Server thread/INFO]: Item Merge Radius: 2.5
[21:46:59] [Server thread/INFO]: View Distance: 10
[21:46:59] [Server thread/INFO]: Allow Zombie Pigmen to spawn from portal blocks: true
[21:46:59] [Server thread/INFO]: Arrow Despawn Rate: 1200
[21:46:59] [Server thread/INFO]: Zombie Aggressive Towards Villager: true
[21:46:59] [Server thread/INFO]: Max TNT Explosions: 100
[21:46:59] [Server thread/INFO]: Experience Merge Radius: 3.0
[21:46:59] [Server thread/INFO]: Mob Spawn Range: 4
[21:46:59] [Server thread/INFO]: Hopper Transfer: 8 Hopper Check: 1 Hopper Amount: 1
[21:46:59] [Server thread/INFO]: Random Lighting Updates: false
[21:46:59] [Server thread/INFO]: Tile Max Tick Time: 50ms Entity max Tick Time: 50ms
[21:46:59] [Server thread/INFO]: Cactus Growth Modifier: 100%
[21:46:59] [Server thread/INFO]: Cane Growth Modifier: 100%
[21:46:59] [Server thread/INFO]: Melon Growth Modifier: 100%
[21:46:59] [Server thread/INFO]: Mushroom Growth Modifier: 100%
[21:46:59] [Server thread/INFO]: Pumpkin Growth Modifier: 100%
[21:46:59] [Server thread/INFO]: Sapling Growth Modifier: 100%
[21:46:59] [Server thread/INFO]: Beetroot Growth Modifier: 100%
[21:46:59] [Server thread/INFO]: Carrot Growth Modifier: 100%
[21:46:59] [Server thread/INFO]: Potato Growth Modifier: 100%
[21:46:59] [Server thread/INFO]: Wheat Growth Modifier: 100%
[21:46:59] [Server thread/INFO]: NetherWart Growth Modifier: 100%
[21:46:59] [Server thread/INFO]: Vine Growth Modifier: 100%
[21:46:59] [Server thread/INFO]: Cocoa Growth Modifier: 100%
[21:46:59] [Server thread/INFO]: Entity Activation Range: An 32 / Mo 32 / Mi 16 / Tiv true
[21:46:59] [Server thread/INFO]: Entity Tracking Range: Pl 48 / An 48 / Mo 48 / Mi 32 / Other 64
[21:46:59] [Server thread/INFO]: Nerfing mobs spawned from spawners: false
[21:46:59] [Server thread/INFO]: Custom Map Seeds:  Village: 10387312 Desert: 14357617 Igloo: 14357618 Jungle: 14357619 Swamp: 14357620 Monument: 10387313Ocean: 14357621 Shipwreck: 165745295 Slime: 987234911
[21:46:59] [Server thread/INFO]: Preparing start region for level 9 (Seed: 6841553074063632704)
[21:47:00] [Server thread/INFO]: Preparing spawn area for world_nether, 97%
[21:47:00] [Server thread/WARN]: [Multiverse-Core] WorldManager: Can't load this world because the folder was deleted/moved: FoxBoiz
[21:47:00] [Server thread/WARN]: [Multiverse-Core] Use '/mv remove' to remove it from the config!
[21:47:00] [Server thread/INFO]: -------- World Settings For [redstone] --------
[21:47:00] [Server thread/INFO]: Item Despawn Rate: 6000
[21:47:00] [Server thread/INFO]: Item Merge Radius: 2.5
[21:47:00] [Server thread/INFO]: View Distance: 10
[21:47:00] [Server thread/INFO]: Allow Zombie Pigmen to spawn from portal blocks: true
[21:47:00] [Server thread/INFO]: Arrow Despawn Rate: 1200
[21:47:00] [Server thread/INFO]: Zombie Aggressive Towards Villager: true
[21:47:00] [Server thread/INFO]: Max TNT Explosions: 100
[21:47:00] [Server thread/INFO]: Experience Merge Radius: 3.0
[21:47:00] [Server thread/INFO]: Mob Spawn Range: 4
[21:47:00] [Server thread/INFO]: Hopper Transfer: 8 Hopper Check: 1 Hopper Amount: 1
[21:47:00] [Server thread/INFO]: Random Lighting Updates: false
[21:47:00] [Server thread/INFO]: Tile Max Tick Time: 50ms Entity max Tick Time: 50ms
[21:47:00] [Server thread/INFO]: Cactus Growth Modifier: 100%
[21:47:00] [Server thread/INFO]: Cane Growth Modifier: 100%
[21:47:00] [Server thread/INFO]: Melon Growth Modifier: 100%
[21:47:00] [Server thread/INFO]: Mushroom Growth Modifier: 100%
[21:47:00] [Server thread/INFO]: Pumpkin Growth Modifier: 100%
[21:47:00] [Server thread/INFO]: Sapling Growth Modifier: 100%
[21:47:00] [Server thread/INFO]: Beetroot Growth Modifier: 100%
[21:47:00] [Server thread/INFO]: Carrot Growth Modifier: 100%
[21:47:00] [Server thread/INFO]: Potato Growth Modifier: 100%
[21:47:00] [Server thread/INFO]: Wheat Growth Modifier: 100%
[21:47:00] [Server thread/INFO]: NetherWart Growth Modifier: 100%
[21:47:00] [Server thread/INFO]: Vine Growth Modifier: 100%
[21:47:00] [Server thread/INFO]: Cocoa Growth Modifier: 100%
[21:47:00] [Server thread/INFO]: Entity Activation Range: An 32 / Mo 32 / Mi 16 / Tiv true
[21:47:00] [Server thread/INFO]: Entity Tracking Range: Pl 48 / An 48 / Mo 48 / Mi 32 / Other 64
[21:47:00] [Server thread/INFO]: Nerfing mobs spawned from spawners: false
[21:47:00] [Server thread/INFO]: Custom Map Seeds:  Village: 10387312 Desert: 14357617 Igloo: 14357618 Jungle: 14357619 Swamp: 14357620 Monument: 10387313Ocean: 14357621 Shipwreck: 165745295 Slime: 987234911
[21:47:00] [Server thread/INFO]: Preparing start region for level 10 (Seed: 7603509359236598860)
[21:47:01] [Server thread/INFO]: [Multiverse-Core] 12 - World(s) loaded.
[21:47:01] [Server thread/INFO]: [Multiverse-Core] Version 2.5-b719 (API v20) Enabled - By Rigby, fernferret, lithium3141 and main--
[21:47:01] [Server thread/INFO]: [iDisguise] Enabling iDisguise v5.8.2
[21:47:01] [Server thread/INFO]: [iDisguise] iDisguise 5.8.2 enabled!
[21:47:01] [Server thread/INFO]: [Multiverse-NetherPortals] Enabling Multiverse-NetherPortals v2.4-b530
[21:47:01] [Server thread/INFO]: [MultiVerse-NetherPortals] - Version 2.4-b530 Enabled - By Rigby and fernferret
[21:47:01] [Server thread/INFO]: [SuperVanish] Enabling SuperVanish v6.1.0
[21:47:01] [Server thread/INFO]: [SuperVanish] Hooked into Essentials
[21:47:01] [Server thread/INFO]: [FastAsyncWorldEdit] Enabling FastAsyncWorldEdit v1.0
[21:47:01] [Server thread/INFO]: Server permissions file permissions.yml is empty, ignoring it
[21:47:02] [Server thread/INFO]: Done (17.234s)! For help, type "help"
[21:47:02] [Craft Scheduler Thread - 2/INFO]: [PlayerParticles] An update (v6.4) is available! You are running v6.2
[21:47:03] [Thread-9/INFO]: [CS-CoreLib - Updater] CS-CoreLib is up to date!
[21:47:04] [Server thread/INFO]: [SuperVanish] Your current version of SuperVanish is outdated - New version: '6.1.2'; Currently: '6.1.0'
[21:47:52] [User Authenticator #1/INFO]: UUID of player Smiggle_Boy is 58bf76a6-8be5-4be1-9729-e640d75746d3
[21:47:54] [Server thread/INFO]: Smiggle_Boy[/192.168.0.23:51717] logged in with entity id 569 at ([legoandsmiggle]-185.64393005475375, 78.0, 117.40547005480421)
[21:54:10] [Server thread/INFO]: Smiggle_Boy issued server command: /echest 
[21:54:20] [Server thread/INFO]: Smiggle_Boy issued server command: /echest 
[21:58:53] [Server thread/INFO]: Smiggle_Boy issued server command: /echest 
[21:59:11] [Server thread/INFO]: Smiggle_Boy issued server command: /echest 
[22:07:58] [Server thread/INFO]: Smiggle_Boy issued server command: /stop
[22:07:58] [Server thread/INFO]: [Smiggle_Boy: Stopping the server]
[22:07:58] [Server thread/INFO]: Stopping server
[22:07:58] [Server thread/INFO]: [WorldEdit] Disabling WorldEdit vunspecified
[22:07:58] [Server thread/INFO]: [FastAsyncWorldEdit] Disabling FastAsyncWorldEdit v1.0
[22:07:58] [Server thread/INFO]: [SuperVanish] Disabling SuperVanish v6.1.0
[22:07:58] [Server thread/INFO]: [Multiverse-NetherPortals] Disabling Multiverse-NetherPortals v2.4-b530
[22:07:58] [Server thread/INFO]: [MultiVerse-NetherPortals] - Disabled
[22:07:58] [Server thread/INFO]: [iDisguise] Disabling iDisguise v5.8.2
[22:07:58] [Server thread/INFO]: [iDisguise] iDisguise 5.8.2 disabled!
[22:07:58] [Server thread/INFO]: [ProtocolLib] Disabling ProtocolLib v4.4.0
[22:07:59] [Server thread/INFO]: [Multiverse-Core] Disabling Multiverse-Core v2.5-b719
[22:07:59] [Server thread/INFO]: [PlayerParticles] Disabling PlayerParticles v6.2
[22:07:59] [Server thread/INFO]: [ClickSigns] Disabling ClickSigns v1.0
[22:07:59] [Server thread/INFO]: [CS-CoreLib] Disabling CS-CoreLib vv1.6.1
[22:07:59] [Server thread/INFO]: [BNSpawn] Disabling BNSpawn v1.0
[22:07:59] [Server thread/INFO]: [BNSpawn] It seems it's time for a nap!
[22:07:59] [Server thread/INFO]: [BNSpawn] author: RenoBN
[22:07:59] [Server thread/INFO]: [EssentialsChat] Disabling EssentialsChat v2.16.0.3
[22:07:59] [Server thread/INFO]: [Essentials] Disabling Essentials v2.16.0.3
[22:07:59] [Server thread/INFO]: [PixelPrinter] Disabling PixelPrinter v1.0.45
[22:07:59] [Server thread/INFO]: [Timber] Disabling Timber v1.5
[22:07:59] [Server thread/INFO]: [PluginConstructorAPI] Disabling PluginConstructorAPI v1.0.51
[22:07:59] [Server thread/INFO]: [PsudoCommand] Disabling PsudoCommand v1.0.9
[22:07:59] [Server thread/INFO]: [EasyRename] Disabling EasyRename v1.0
[22:07:59] [Server thread/INFO]: [PlayerHeads] Disabling PlayerHeads v4.8.5
[22:07:59] [Server thread/INFO]: Saving players
[22:07:59] [Server thread/INFO]: Smiggle_Boy lost connection: Server closed
[22:07:59] [Server thread/INFO]: Smiggle_Boy left the game
[22:07:59] [Server thread/INFO]: Saving worlds
[22:07:59] [Server thread/INFO]: Saving chunks for level 'spawn_nether'/minecraft:the_nether
[22:07:59] [Server thread/INFO]: Saving chunks for level 'world'/minecraft:overworld
[22:07:59] [Server thread/INFO]: Saving chunks for level 'world_the_end'/minecraft:the_end
[22:07:59] [Server thread/INFO]: Saving chunks for level 'legoandsmiggle'/minecraft:overworld
[22:07:59] [Server thread/INFO]: Saving chunks for level 'spawn_the_end'/minecraft:the_end
[22:07:59] [Server thread/INFO]: Saving chunks for level 'creative'/minecraft:overworld
[22:07:59] [Server thread/INFO]: Saving chunks for level 'dropper_the_end'/minecraft:the_end
[22:07:59] [Server thread/INFO]: Saving chunks for level 'spawn'/minecraft:overworld
[22:07:59] [Server thread/INFO]: Saving chunks for level 'redstone'/minecraft:overworld
[22:07:59] [Server thread/INFO]: Saving chunks for level 'dropper'/minecraft:overworld
[22:07:59] [Server thread/INFO]: Saving chunks for level 'world_nether'/minecraft:the_nether
